#
# There is insufficient memory for the Java Runtime Environment to continue.
# Native memory allocation (malloc) failed to allocate 1048576 bytes for AllocateHeap
# Possible reasons:
#   The system is out of physical RAM or swap space
#   In 32 bit mode, the process size limit was hit
# Possible solutions:
#   Reduce memory load on the system
#   Increase physical memory or swap space
#   Check if swap backing store is full
#   Use 64 bit Java on a 64 bit OS
#   Decrease Java heap size (-Xmx/-Xms)
#   Decrease number of Java threads
#   Decrease Java thread stack sizes (-Xss)
#   Set larger code cache with -XX:ReservedCodeCacheSize=
# This output file may be truncated or incomplete.
#
#  Out of Memory Error (memory/allocation.inline.hpp:61), pid=23536, tid=0x00000000000052a0
#
# JRE version:  (8.0) (build )
# Java VM: OpenJDK 64-Bit Server VM (25.71-b00 mixed mode windows-amd64 compressed oops)
# Failed to write core dump. Minidumps are not enabled by default on client versions of Windows
#

---------------  T H R E A D  ---------------

Current thread (0x0000000002513800):  JavaThread "Unknown thread" [_thread_in_vm, id=21152, stack(0x0000000002310000,0x0000000002410000)]

Stack: [0x0000000002310000,0x0000000002410000]
[error occurred during error reporting (printing stack bounds), id 0xc0000005]

Native frames: (J=compiled Java code, j=interpreted, Vv=VM code, C=native code)


---------------  P R O C E S S  ---------------

Java Threads: ( => current thread )

Other Threads:

=>0x0000000002513800 (exited) JavaThread "Unknown thread" [_thread_in_vm, id=21152, stack(0x0000000002310000,0x0000000002410000)]

VM state:not at safepoint (normal execution)

VM Mutex/Monitor currently owned by a thread: None

Heap:
 PSYoungGen      total 38400K, used 665K [0x00000000d5e00000, 0x00000000d8880000, 0x0000000100000000)
  eden space 33280K, 2% used [0x00000000d5e00000,0x00000000d5ea6670,0x00000000d7e80000)
  from space 5120K, 0% used [0x00000000d8380000,0x00000000d8380000,0x00000000d8880000)
  to   space 5120K, 0% used [0x00000000d7e80000,0x00000000d7e80000,0x00000000d8380000)
 ParOldGen       total 87552K, used 0K [0x0000000081a00000, 0x0000000086f80000, 0x00000000d5e00000)
  object space 87552K, 0% used [0x0000000081a00000,0x0000000081a00000,0x0000000086f80000)
 Metaspace       used 777K, capacity 4480K, committed 4480K, reserved 1056768K
  class space    used 74K, capacity 384K, committed 384K, reserved 1048576K

Card table byte_map: [0x00000000119d0000,0x0000000011dd0000] byte_map_base: 0x00000000115c3000

Marking Bits: (ParMarkBitMap*) 0x000000006976be50
 Begin Bits: [0x0000000012480000, 0x0000000014418000)
 End Bits:   [0x0000000014418000, 0x00000000163b0000)

Polling page: 0x0000000000590000

CodeCache: size=245760Kb used=328Kb max_used=328Kb free=245431Kb
 bounds [0x0000000002610000, 0x0000000002880000, 0x0000000011610000]
 total_blobs=57 nmethods=0 adapters=38
 compilation: enabled

Compilation events (0 events):
No events

GC Heap History (0 events):
No events

Deoptimization events (0 events):
No events

Classes redefined (0 events):
No events

Internal exceptions (0 events):
No events

Events (10 events):
Event: 0.042 loading class java/lang/Short
Event: 0.042 loading class java/lang/Short done
Event: 0.042 loading class java/lang/Integer
Event: 0.042 loading class java/lang/Integer done
Event: 0.042 loading class java/lang/Long
Event: 0.043 loading class java/lang/Long done
Event: 0.044 loading class java/lang/NullPointerException
Event: 0.044 loading class java/lang/NullPointerException done
Event: 0.044 loading class java/lang/ArithmeticException
Event: 0.044 loading class java/lang/ArithmeticException done


Dynamic libraries:
0x00007ff7698f0000 - 0x00007ff769925000 	C:\Users\shipra\Desktop\UNITY PROJECTS\req\Editor\Data\PlaybackEngines\AndroidPlayer\Tools\OpenJDK\Windows\bin\java.exe
0x00007ffce5f00000 - 0x00007ffce60e1000 	C:\WINDOWS\SYSTEM32\ntdll.dll
0x00007ffce50b0000 - 0x00007ffce5161000 	C:\WINDOWS\System32\KERNEL32.DLL
0x00007ffce2330000 - 0x00007ffce25a3000 	C:\WINDOWS\System32\KERNELBASE.dll
0x00007ffce5ce0000 - 0x00007ffce5d81000 	C:\WINDOWS\System32\ADVAPI32.dll
0x00007ffce5690000 - 0x00007ffce572e000 	C:\WINDOWS\System32\msvcrt.dll
0x00007ffce53e0000 - 0x00007ffce543b000 	C:\WINDOWS\System32\sechost.dll
0x00007ffce5d90000 - 0x00007ffce5eb4000 	C:\WINDOWS\System32\RPCRT4.dll
0x00007ffce4e70000 - 0x00007ffce5000000 	C:\WINDOWS\System32\USER32.dll
0x00007ffce32f0000 - 0x00007ffce3310000 	C:\WINDOWS\System32\win32u.dll
0x00007ffce3640000 - 0x00007ffce3668000 	C:\WINDOWS\System32\GDI32.dll
0x00007ffce3050000 - 0x00007ffce31e1000 	C:\WINDOWS\System32\gdi32full.dll
0x00007ffce25b0000 - 0x00007ffce264f000 	C:\WINDOWS\System32\msvcp_win.dll
0x00007ffce31f0000 - 0x00007ffce32e8000 	C:\WINDOWS\System32\ucrtbase.dll
0x00007ffcd4f10000 - 0x00007ffcd5179000 	C:\WINDOWS\WinSxS\amd64_microsoft.windows.common-controls_6595b64144ccf1df_6.0.17134.885_none_fb42a3473065565f\COMCTL32.dll
0x00007ffce3670000 - 0x00007ffce3992000 	C:\WINDOWS\System32\combase.dll
0x00007ffce3310000 - 0x00007ffce3389000 	C:\WINDOWS\System32\bcryptPrimitives.dll
0x00007ffce4de0000 - 0x00007ffce4e0d000 	C:\WINDOWS\System32\IMM32.DLL
0x00007ffcbb8c0000 - 0x00007ffcbb8eb000 	C:\Program Files (x86)\K7 Computing\K7TSecurity\K7CrvrEx64.dll
0x00000000697f0000 - 0x00000000698c2000 	C:\Users\shipra\Desktop\UNITY PROJECTS\req\Editor\Data\PlaybackEngines\AndroidPlayer\Tools\OpenJDK\Windows\jre\bin\msvcr100.dll
0x0000000068fa0000 - 0x00000000697e9000 	C:\Users\shipra\Desktop\UNITY PROJECTS\req\Editor\Data\PlaybackEngines\AndroidPlayer\Tools\OpenJDK\Windows\jre\bin\server\jvm.dll
0x00007ffce5820000 - 0x00007ffce5828000 	C:\WINDOWS\System32\PSAPI.DLL
0x00007ffce0e30000 - 0x00007ffce0e39000 	C:\WINDOWS\SYSTEM32\WSOCK32.dll
0x00007ffce35d0000 - 0x00007ffce363c000 	C:\WINDOWS\System32\WS2_32.dll
0x00007ffcdfc00000 - 0x00007ffcdfc23000 	C:\WINDOWS\SYSTEM32\WINMM.dll
0x00007ffcda1a0000 - 0x00007ffcda1aa000 	C:\WINDOWS\SYSTEM32\VERSION.dll
0x00007ffcdfbd0000 - 0x00007ffcdfbfa000 	C:\WINDOWS\SYSTEM32\WINMMBASE.dll
0x00007ffce2f50000 - 0x00007ffce2f99000 	C:\WINDOWS\System32\cfgmgr32.dll
0x00007ffcc85c0000 - 0x00007ffcc85cf000 	C:\Users\shipra\Desktop\UNITY PROJECTS\req\Editor\Data\PlaybackEngines\AndroidPlayer\Tools\OpenJDK\Windows\jre\bin\verify.dll
0x00007ffcbcd90000 - 0x00007ffcbcdb9000 	C:\Users\shipra\Desktop\UNITY PROJECTS\req\Editor\Data\PlaybackEngines\AndroidPlayer\Tools\OpenJDK\Windows\jre\bin\java.dll
0x00007ffcb1a70000 - 0x00007ffcb1a86000 	C:\Users\shipra\Desktop\UNITY PROJECTS\req\Editor\Data\PlaybackEngines\AndroidPlayer\Tools\OpenJDK\Windows\jre\bin\zip.dll

VM Arguments:
jvm_args: -Dcom.android.sdkmanager.toolsdir=C:\Users\shipra\AppData\Local\Android\Sdk\tools\bin\\.. 
java_command: com.android.sdklib.tool.AvdManagerCli list target -c
java_class_path (initial): C:\Users\shipra\AppData\Local\Android\Sdk\tools\bin\..\lib\dvlib-26.0.0-dev.jar;C:\Users\shipra\AppData\Local\Android\Sdk\tools\bin\..\lib\jimfs-1.1.jar;C:\Users\shipra\AppData\Local\Android\Sdk\tools\bin\..\lib\jsr305-1.3.9.jar;C:\Users\shipra\AppData\Local\Android\Sdk\tools\bin\..\lib\repository-26.0.0-dev.jar;C:\Users\shipra\AppData\Local\Android\Sdk\tools\bin\..\lib\j2objc-annotations-1.1.jar;C:\Users\shipra\AppData\Local\Android\Sdk\tools\bin\..\lib\layoutlib-api-26.0.0-dev.jar;C:\Users\shipra\AppData\Local\Android\Sdk\tools\bin\..\lib\gson-2.3.jar;C:\Users\shipra\AppData\Local\Android\Sdk\tools\bin\..\lib\httpcore-4.2.5.jar;C:\Users\shipra\AppData\Local\Android\Sdk\tools\bin\..\lib\commons-logging-1.1.1.jar;C:\Users\shipra\AppData\Local\Android\Sdk\tools\bin\..\lib\commons-compress-1.12.jar;C:\Users\shipra\AppData\Local\Android\Sdk\tools\bin\..\lib\annotations-26.0.0-dev.jar;C:\Users\shipra\AppData\Local\Android\Sdk\tools\bin\..\lib\error_prone_annotations-2.0.18.jar;C:\Users\shipra\AppData\Local\Android\Sdk\tools\bin\..\lib\animal-sniffer-annotations-1.14.jar;C:\Users\shipra\AppData\Local\Android\Sdk\tools\bin\..\lib\httpclient-4.2.6.jar;C:\Users\shipra\AppData\Local\Android\Sdk\tools\bin\..\lib\commons-codec-1.6.jar;C:\Users\shipra\AppData\Local\Android\Sdk\tools\bin\..\lib\common-26.0.0-dev.jar;C:\Users\shipra\AppData\Local\Android\Sdk\tools\bin\..\lib\kxml2-2.3.0.jar;C:\Users\shipra\AppData\Local\Android\Sdk\tools\bin\..\lib\httpmime-4.1.jar;C:\Users\shipra\AppData\Local\Android\Sdk\tools\bin\..\lib\annotations-12.0.jar;C:\Users\shipra\AppData\Local\Android\Sdk\tools\bin\..\lib\sdklib-26.0.0-dev.jar;C:\Users\shipra\AppData\Local\Android\Sdk\tools\bin\..\lib\guava-22.0.jar
Launcher Type: SUN_STANDARD

Environment Variables:
JAVA_HOME=C:\Users\shipra\Desktop\UNITY PROJECTS\req\Editor\Data\PlaybackEngines\AndroidPlayer/Tools\OpenJDK\Windows
CLASSPATH=C:\Users\shipra\AppData\Local\Android\Sdk\tools\bin\..\lib\dvlib-26.0.0-dev.jar;C:\Users\shipra\AppData\Local\Android\Sdk\tools\bin\..\lib\jimfs-1.1.jar;C:\Users\shipra\AppData\Local\Android\Sdk\tools\bin\..\lib\jsr305-1.3.9.jar;C:\Users\shipra\AppData\Local\Android\Sdk\tools\bin\..\lib\repository-26.0.0-dev.jar;C:\Users\shipra\AppData\Local\Android\Sdk\tools\bin\..\lib\j2objc-annotations-1.1.jar;C:\Users\shipra\AppData\Local\Android\Sdk\tools\bin\..\lib\layoutlib-api-26.0.0-dev.jar;C:\Users\shipra\AppData\Local\Android\Sdk\tools\bin\..\lib\gson-2.3.jar;C:\Users\shipra\AppData\Local\Android\Sdk\tools\bin\..\lib\httpcore-4.2.5.jar;C:\Users\shipra\AppData\Local\Android\Sdk\tools\bin\..\lib\commons-logging-1.1.1.jar;C:\Users\shipra\AppData\Local\Android\Sdk\tools\bin\..\lib\commons-compress-1.12.jar;C:\Users\shipra\AppData\Local\Android\Sdk\tools\bin\..\lib\annotations-26.0.0-dev.jar;C:\Users\shipra\AppData\Local\Android\Sdk\tools\bin\..\lib\error_prone_annotations-2.0.18.jar;C:\Users\shipra\AppData\Local\Android\Sdk\tools\bin\..\lib\animal-sniffer-annotations-1.14.jar;C:\Users\shipra\AppData\Local\Android\Sdk\tools\bin\..\lib\httpclient-4.2.6.jar;C:\Users\shipra\AppData\Local\Android\Sdk\tools\bin\..\lib\commons-codec-1.6.jar;C:\Users\shipra\AppData\Local\Android\Sdk\tools\bin\..\lib\common-26.0.0-dev.jar;C:\Users\shipra\AppData\Local\Android\Sdk\tools\bin\..\lib\kxml2-2.3.0.jar;C:\Users\shipra\AppData\Local\Android\Sdk\tools\bin\..\lib\httpmime-4.1.jar;C:\Users\shipra\AppData\Local\Android\Sdk\tools\bin\..\lib\annotations-12.0.jar;C:\Users\shipra\AppData\Local\Android\Sdk\tools\bin\..\lib\sdklib-26.0.0-dev.jar;C:\Users\shipra\AppData\Local\Android\Sdk\tools\bin\..\lib\guava-22.0.jar
PATH="C:\Program Files (x86)\Common Files\Oracle\Java\javapath;D:\java\bin";C:\Program Files (x86)\Intel\iCLS Client\;C:\Program Files\Intel\iCLS Client\;C:\windows\system32;C:\windows;C:\windows\System32\Wbem;C:\windows\System32\WindowsPowerShell\v1.0\;C:\Program Files (x86)\NVIDIA Corporation\PhysX\Common;C:\WINDOWS\system32;C:\WINDOWS;C:\WINDOWS\System32\Wbem;C:\WINDOWS\System32\WindowsPowerShell\v1.0\;C:\Program Files (x86)\Intel\Intel(R) Management Engine Components\DAL;C:\Program Files\Intel\Intel(R) Management Engine Components\DAL;C:\Program Files (x86)\Intel\Intel(R) Management Engine Components\IPT;C:\Program Files\Intel\Intel(R) Management Engine Components\IPT;C:\WINDOWS\System32\OpenSSH\;C:\Program Files\Git\cmd;C:\Program Files\nodejs\;C:\Program Files\Intel\WiFi\bin\;C:\Program Files\Common Files\Intel\WirelessCommon\;C:\ProgramData\Microsoft\Windows\Start Menu\Programs\Unity 2018.3.7f1 (64-bit)\folder;C:\Users\shipra\AppData\Local\GitHubDesktop\bin;C:\Users\shipra\Desktop\Microsoft VS Code\bin;C:\Program Files\Java\jdk1.8.0_45\bin;
USERNAME=shipra
OS=Windows_NT
PROCESSOR_IDENTIFIER=Intel64 Family 6 Model 78 Stepping 3, GenuineIntel



---------------  S Y S T E M  ---------------

OS: Windows 10.0 , 64 bit Build 17134 (10.0.17134.753)

CPU:total 4 (initial active 4) (2 cores per cpu, 2 threads per core) family 6 model 78 stepping 3, cmov, cx8, fxsr, mmx, sse, sse2, sse3, ssse3, sse4.1, sse4.2, popcnt, avx, avx2, aes, clmul, erms, 3dnowpref, lzcnt, ht, tsc, tscinvbit, bmi1, bmi2, adx

Memory: 4k page, physical 8275872k(1156872k free), swap 14124312k(8420k free)

vm_info: OpenJDK 64-Bit Server VM (25.71-b00) for windows-amd64 JRE (1.8.0-adoptopenjdk-_2018_05_19_00_59-b00), built on May 19 2018 01:02:12 by "jenkins" with MS VC++ 10.0 (VS2010)

time: Wed Sep 11 02:22:08 2019
elapsed time: 0 seconds (0d 0h 0m 0s)

